<?xml version="1.0" encoding="UTF-8"?>
<!-- Generated by org.testng.reporters.JUnitReportReporter -->
<testsuite skipped="0" hostname="DESKTOP-09LJIS2" name="slideTest" tests="1" failures="0" timestamp="2021-01-21T23:36:36 IST" time="41.428" errors="0">
  <testcase name="firsttest" time="41.428" classname="slideTest"/>
  <system-out/>
</testsuite> <!-- slideTest -->
